i,loss,time
250,1.074227346420288,4.0206146240234375
500,1.0545926110744477,8.038105010986328
750,1.0621365139484404,12.090437173843384
1000,1.0723877127170562,16.333266735076904
1250,1.0858494498729705,21.15000319480896
1500,1.074020295858383,26.972023010253906
1750,1.065953565120697,31.394662141799927
2000,1.075486806869507,35.928486347198486
2250,1.0514844291210175,40.40424728393555
2500,1.0572319049835206,44.88966727256775
2750,1.0571553790569306,49.27563452720642
3000,1.0404019627571106,53.6160192489624
3250,1.0191969261169433,57.98465156555176
3500,0.9360404274463654,62.274086475372314
3750,0.887676450252533,66.73861455917358
4000,0.8541553184986115,71.06082201004028
4250,0.8572736086845398,75.65358114242554
4500,0.8169137806892395,80.22244238853455
4750,0.8104041936397552,84.65526103973389
5000,0.7869234828948974,89.06463813781738
5250,0.7983944001197815,93.37744188308716
5500,0.8062201731204987,97.67587757110596
5750,0.7578754680156707,102.15297222137451
6000,0.7339996182918549,106.59109163284302
6250,0.7296563923358917,111.02831768989563
6500,0.7856640813350677,115.33145427703857
6750,0.7460445420742035,119.55939960479736
7000,0.7362571809291839,123.78401350975037
7250,0.7126172871589661,128.0861837863922
7500,0.7253882739543914,132.49755477905273
7750,0.697570543050766,136.93516659736633
8000,0.7319607589244842,141.28575778007507
8250,0.7605377416610718,145.6547691822052
8500,0.7227285807132721,149.93994998931885
8750,0.7142832653522492,154.25700545310974
9000,0.7442715435028077,158.66339993476868
9250,0.7093286216259003,162.89700961112976
9500,0.7055302248001099,167.21362709999084
9750,0.7102780420780181,171.60178971290588
10000,0.7415433938503265,176.19363498687744
10250,0.6944284098148346,180.6881811618805
10500,0.7559123368263244,185.12165760993958
10750,0.7695883092880249,189.5236475467682
11000,0.7265927522182465,193.87412071228027
11250,0.6904317440986634,198.22343373298645
11500,0.6997951095104218,202.6859381198883
11750,0.7315289120674133,207.04921293258667
12000,0.6959188284873963,211.43282055854797
12250,0.7117910614013672,216.2401361465454
12500,0.7211457669734955,220.58921313285828
12750,0.7056995503902436,225.01663875579834
13000,0.7492270720005035,229.46701383590698
13250,0.685851254940033,233.8046305179596
13500,0.7730783455371857,238.2237753868103
13750,0.6802853953838348,242.57636904716492
14000,0.6973706865310669,246.93913555145264
14250,0.7239095375537873,251.30762839317322
14500,0.7223682739734649,255.65916395187378
14750,0.7262548217773438,259.96681928634644
15000,0.7414771099090576,264.32132148742676
15250,0.7125468018054962,268.641747713089
15500,0.7229204103946686,272.987566947937
15750,0.7264168837070465,277.39983892440796
16000,0.6909870069026947,281.8700523376465
16250,0.7261496028900146,286.20439195632935
16500,0.6817263224124909,290.55798149108887
16750,0.7002581582069397,294.80783247947693
17000,0.7330472660064697,299.1363868713379
17250,0.7247651288509369,303.59695839881897
17500,0.7038968842029572,308.0029742717743
17750,0.6843291621208191,312.2922444343567
18000,0.7231581010818482,316.6097836494446
18250,0.6926522812843323,320.9709823131561
18500,0.7107878878116608,325.3813533782959
18750,0.7200207755565643,329.7921438217163
19000,0.754506056547165,334.21540808677673
19250,0.7068608615398407,338.4564654827118
19500,0.7302311980724334,342.75007152557373
19750,0.7029182479381562,347.00902676582336
20000,0.7099052979946137,351.49375653266907
20250,0.7064318695068359,355.74218010902405
20500,0.6988647027015686,360.017258644104
20750,0.7238804104328156,364.34160923957825
21000,0.7196510088443756,368.7181022167206
21250,0.7211292450428008,372.9752058982849
21500,0.7128951413631439,377.28054761886597
21750,0.7280014233589173,381.7958068847656
22000,0.7346143112182617,386.29199862480164
22250,0.7092062644958496,390.58372950553894
22500,0.710013106584549,394.904354095459
22750,0.6908486638069152,399.29983615875244
23000,0.6800706951618195,403.56906366348267
23250,0.6872852492332459,407.83405447006226
23500,0.6849142324924469,412.0960602760315
23750,0.7678090281486512,416.3633985519409
24000,0.7245823316574097,420.7476761341095
24250,0.657932852268219,425.0625264644623
24500,0.732256106376648,429.48481011390686
24750,0.7276377956867218,434.01728343963623
25000,0.7092632024288178,438.44007635116577
25250,0.7091202712059022,442.7978916168213
25500,0.7232222104072571,446.9779670238495
25750,0.7239147017002105,451.27871322631836
26000,0.7018577289581299,455.77874994277954
26250,0.7274209108352662,460.12922048568726
26500,0.7239355382919311,464.590535402298
26750,0.6937508208751678,469.0144968032837
27000,0.7124288313388825,473.5098788738251
27250,0.7422075746059418,478.03652024269104
27500,0.7158047957420349,482.415403842926
27750,0.6729671459197998,486.71824073791504
28000,0.6657761788368225,491.1925141811371
28250,0.7124751439094543,495.7537682056427
28500,0.7170042231082916,500.1922745704651
28750,0.741794493675232,504.51286578178406
29000,0.712224107503891,508.93449807167053
29250,0.7337182743549346,513.4095802307129
29500,0.6831048793792724,517.6864557266235
29750,0.7046764097213745,522.0799510478973
30000,0.7090487339496613,526.5341031551361
30250,0.7050951197147369,530.8493030071259
30500,0.704981061220169,535.3145270347595
30750,0.7158755972385407,539.6633577346802
31000,0.7266315495967866,543.952216386795
31250,0.7444548251628875,548.335770368576
31500,0.700986711025238,552.4190418720245
31750,0.7198454024791717,556.4994218349457
32000,0.6499897315502167,560.575021982193
32250,0.7231405358314514,564.7010049819946
32500,0.7084275085926056,568.8293671607971
32750,0.7515821528434753,572.987313747406
33000,0.7116836149692536,577.1370990276337
33250,0.7230061504840851,581.2405371665955
33500,0.7079436371326446,585.2857718467712
33750,0.7011364402770996,589.3458449840546
34000,0.7299142711162567,593.3612561225891
34250,0.7260802326202392,597.4014825820923
34500,0.6973346800804138,601.3983633518219
34750,0.7225672745704651,605.3869886398315
35000,0.726079802274704,609.4534380435944
35250,0.6823837578296661,613.7348387241364
35500,0.7334856343269348,617.7712268829346
35750,0.682847137928009,621.7999920845032
36000,0.6970898373126984,625.8818986415863
36250,0.6971139814853669,630.4468395709991
36500,0.7080907461643219,634.8236353397369
36750,0.7041653122901916,639.2492423057556
37000,0.7317766973972321,643.6615478992462
37250,0.6623332333564759,647.912055015564
37500,0.6218627047538757,652.6740653514862
37750,0.5602222230434418,657.073409318924
38000,0.5524233365058899,661.2422087192535
38250,0.5551677508354187,665.7354395389557
38500,0.5524731419086456,669.9307038784027
38750,0.5547583911418915,673.9721126556396
39000,0.5519251265525817,677.9919698238373
39250,0.5518617196083069,682.1286265850067
39500,0.5515727241039277,686.2317435741425
39750,0.5515969312191009,690.2652649879456
40000,0.5516316616535186,694.3121438026428
40250,0.5515443229675293,698.3036286830902
40500,0.5515960104465485,702.9663691520691
40750,0.5515290474891663,707.062662601471
41000,0.5514983856678009,711.0931806564331
41250,0.5514940590858459,714.9971303939819
41500,0.5514942514896393,718.9094381332397
41750,0.5514644265174866,722.8197276592255
42000,0.5514709279537201,726.8798472881317
42250,0.551528998374939,730.9274370670319
42500,0.5514691591262817,734.8917713165283
42750,0.5748275427818298,738.9167106151581
43000,0.5523618831634521,742.8818516731262
43250,0.5516191530227661,747.0971701145172
43500,0.551947242975235,751.3690848350525
43750,0.552503433227539,755.5315554141998
44000,0.551766664981842,759.69118475914
44250,0.5525065603256225,764.1082663536072
44500,0.551538003206253,768.4550490379333
44750,0.5515366785526276,772.7798020839691