i,loss,time
25,1.0583419680595398,1.3107774257659912
50,1.0792691731452941,2.579909324645996
75,1.09239764213562,3.863830089569092
100,1.0971363544464112,5.125743389129639
125,1.0665858173370362,6.346076726913452
150,1.0679848647117616,7.67330265045166
175,1.0608778882026673,8.982328653335571
200,1.089197473526001,10.276523113250732
225,1.0525657796859742,11.538242816925049
250,1.0618069434165955,12.888700246810913
275,1.0527299332618714,14.23219108581543
300,1.0353492951393128,15.57683253288269
325,1.087271282672882,16.896437168121338
350,1.0909746718406677,18.29531502723694
375,1.054820601940155,19.70751404762268
400,1.071606113910675,21.007408380508423
425,1.0606783294677735,22.330978870391846
450,1.0893733787536621,23.675638914108276
475,1.1106678342819214,25.024678468704224
500,1.0723934078216553,26.470848321914673
525,1.0682564687728882,27.793036699295044
550,1.059362552165985,29.22273588180542
575,1.0240878081321716,30.577086925506592
600,1.0227038407325744,31.988327026367188
625,1.0469299602508544,33.31735324859619
650,0.9880061554908752,34.71054649353027
675,0.8992466950416564,36.125722885131836
700,0.8333069062232972,37.5014374256134
725,0.7989416027069092,38.82900357246399
750,0.7292596864700317,40.17968702316284
775,0.7128087878227234,41.574764013290405
800,0.7072318840026856,42.971235036849976
825,0.7207323741912842,44.34481430053711
850,0.6805322742462159,45.804842710494995
875,0.6586166548728943,47.268306016922
900,0.7154093837738037,48.731579303741455
925,0.684370596408844,49.98543334007263
950,0.6811563992500305,51.51234245300293
975,0.6197172617912292,52.928279876708984
1000,0.6569367694854736,54.331480264663696
1025,0.6362486672401428,55.64922261238098
1050,0.6347680950164795,57.01712393760681
1075,0.6071323347091675,58.45586585998535
1100,0.6359985160827637,59.870028257369995
1125,0.6739559984207153,61.18380784988403
1150,0.6485033535957336,62.57272815704346
1175,0.6259433460235596,63.96036338806152
1200,0.6531453537940979,65.4359667301178
1225,0.6610390329360962,66.7720832824707
1250,0.6156324124336243,68.19216346740723
1275,0.6714709949493408,69.58723974227905
1300,0.652400529384613,71.07254385948181
1325,0.6175613141059876,72.44631099700928
1350,0.6487152314186097,73.98267817497253
1375,0.6174658894538879,75.4158627986908
1400,0.6316459441184997,76.82870244979858
1425,0.6604865956306457,78.1930923461914
1450,0.6845580863952637,79.63453102111816
1475,0.6392675256729126,81.01669025421143
1500,0.6021748638153076,82.38995242118835
1525,0.6694726729393006,83.74926328659058
1550,0.641159074306488,85.1967670917511
1575,0.6373074650764465,86.64302778244019
1600,0.6566681790351868,88.07566952705383
1625,0.6559725522994995,89.46065711975098
1650,0.6511143326759339,90.90783023834229
1675,0.6700893211364746,92.3717679977417
1700,0.6344728922843933,93.80995774269104
1725,0.6278577947616577,95.11930680274963
1750,0.6327538132667542,96.51335287094116
1775,0.6710400676727295,97.90649485588074
1800,0.63343665599823,99.29422783851624
1825,0.6044873452186584,100.60660552978516
1850,0.6410408711433411,102.00759053230286
1875,0.5907965683937073,103.48306941986084
1900,0.622336163520813,104.87663102149963
1925,0.5924487519264221,106.2437961101532
1950,0.6307441234588623,107.68319892883301
1975,0.6282215785980224,109.07500696182251
2000,0.6250774526596069,110.5942587852478
2025,0.648644723892212,111.9210262298584
2050,0.6124433970451355,113.39054226875305
2075,0.6620085453987121,114.85048651695251
2100,0.6989062023162842,116.2603211402893
2125,0.651387050151825,117.64842653274536
2150,0.6337632513046265,119.18437957763672
2175,0.6321671915054321,120.64270496368408
2200,0.6468698120117188,122.07396292686462
2225,0.6027841544151307,123.38994717597961
2250,0.5887660145759582,124.81184196472168
2275,0.596941876411438,126.25705528259277
2300,0.671209659576416,127.67362928390503
2325,0.603020293712616,129.2143144607544
2350,0.6279721069335937,130.7288520336151
2375,0.6159486722946167,132.20392107963562
2400,0.6720907950401306,133.85095620155334
2425,0.6111331391334534,135.40526366233826
2450,0.6322346401214599,136.92989420890808
2475,0.6108775806427001,138.34552478790283
2500,0.6391595077514648,139.73923134803772
2525,0.6261377859115601,141.098783493042
2550,0.6041878581047058,142.50395941734314
2575,0.6336089992523193,143.96164107322693
2600,0.6409514379501343,145.39393997192383
2625,0.6034284663200379,146.79579281806946
2650,0.6470018219947815,148.27271509170532
2675,0.641320641040802,150.28089880943298
2700,0.6691106796264649,152.4002182483673
2725,0.6466186070442199,153.8701708316803
2750,0.6171633005142212,155.62922072410583
2775,0.6037213826179504,157.4664764404297
2800,0.6194725775718689,159.01142358779907
2825,0.6476705169677734,160.4257743358612
2850,0.647791838645935,161.91881465911865
2875,0.6397281289100647,163.47413516044617
2900,0.639574589729309,165.10674953460693
2925,0.6471483159065247,166.53597331047058
2950,0.6683613467216492,168.02464532852173
2975,0.6691410517692566,169.46659541130066
3000,0.6031900978088379,170.91538190841675
3025,0.6107675647735595,172.49307799339294
3050,0.6182218289375305,174.03111863136292
3075,0.6024770450592041,175.58604836463928
3100,0.6318862819671631,177.1559979915619
3125,0.602550585269928,178.70609617233276
3150,0.6172138476371765,180.39125871658325
3175,0.6390014457702636,181.96806049346924
3200,0.6172724890708924,183.47915244102478
3225,0.6329180145263672,184.96122193336487
3250,0.6539894127845765,186.5959153175354
3275,0.6608938765525818,188.15336084365845
3300,0.6026156258583069,189.70422625541687
3325,0.6315766549110413,191.09240531921387
3350,0.6468712902069091,192.647882938385
3375,0.617686219215393,194.2563602924347
3400,0.6606431412696838,195.7692859172821
3425,0.6391964673995971,197.1830997467041
3450,0.6184213018417358,198.7918221950531
3475,0.6025698113441468,200.32951855659485
3500,0.6462195611000061,201.82252383232117
3525,0.617434401512146,203.37926244735718
3550,0.6319760823249817,205.12274837493896
3575,0.5957728505134583,206.6678385734558
3600,0.6170719695091248,208.16355729103088
3625,0.6243052434921265,209.61119556427002
3650,0.6241987490653992,211.12816214561462
3675,0.6532359743118286,212.63929295539856
3700,0.6026686334609985,214.27517652511597
3725,0.6097023630142212,215.72734785079956
3750,0.6465661883354187,217.26890516281128
3775,0.6687522172927857,218.86745762825012
3800,0.6245047092437744,220.548757314682
3825,0.660747435092926,222.00675010681152
3850,0.63170729637146,223.56796503067017
3875,0.6536148667335511,225.15508103370667
3900,0.6315733528137207,226.77387237548828
3925,0.6025923657417297,228.27329277992249
3950,0.6328732061386109,229.88889479637146
3975,0.6412706089019775,231.48552060127258
4000,0.618880078792572,233.11056637763977
4025,0.6391332197189331,234.61748957633972
4050,0.5955568480491639,236.2162742614746
4075,0.5959182119369507,237.7892632484436
4100,0.6172359657287597,239.3676929473877
4125,0.6315042519569397,240.8911714553833
4150,0.6390508484840393,242.487300157547
4175,0.6616879534721375,244.01988077163696
4200,0.6171857571601868,245.55301904678345
4225,0.6465148997306823,247.08880758285522
4250,0.6323141098022461,248.65752577781677
4275,0.6399035120010376,250.2683970928192
4300,0.6464717817306519,251.8686273097992
4325,0.6248905968666076,253.36309552192688
4350,0.6322023415565491,254.90633893013
4375,0.5881227612495422,256.44150853157043
4400,0.6537112641334534,258.084757566452
4425,0.6316873764991761,259.50880336761475
4450,0.6388760352134705,261.05565333366394
4475,0.6175722670555115,262.58739614486694
4500,0.6542356085777282,264.1998989582062
4525,0.6257531237602234,265.74686002731323
4550,0.6609502625465393,267.3026888370514
4575,0.6535554075241089,268.87379455566406
4600,0.6024414396286011,270.41877007484436
4625,0.6459996318817138,271.9844789505005
4650,0.6025606989860535,273.5532341003418
4675,0.63926274061203,275.13305735588074
4700,0.6097177696228028,276.6604187488556
4725,0.6168576669692993,278.18499541282654
4750,0.645927906036377,279.7696464061737
4775,0.6387614393234253,281.28810381889343
4800,0.6169925022125244,282.82493567466736
4825,0.5952110719680787,284.74881625175476
4850,0.617260422706604,286.25229477882385
4875,0.6096514821052551,287.77975392341614
4900,0.6314437890052795,289.3162853717804
4925,0.5950949573516846,290.80931854248047
4950,0.6096414613723755,292.31488585472107
4975,0.6676264953613281,293.86426877975464
5000,0.6240956711769104,295.465096950531
5025,0.6104509973526001,296.92554211616516
5050,0.6320196390151978,298.48298811912537
5075,0.6825915741920471,300.03735756874084
5100,0.6386529803276062,301.53344082832336
5125,0.6604130244255066,302.99503326416016
5150,0.6240989494323731,304.57042694091797
5175,0.6023786973953247,306.07847714424133
5200,0.6613418340682984,307.58927750587463
5225,0.6242832136154175,309.11600637435913
5250,0.6535139346122741,310.7662317752838
5275,0.6313560318946838,312.3764057159424
5300,0.6170167112350464,313.9251890182495
5325,0.6386803412437438,315.32236552238464
5350,0.6460019135475159,316.9186758995056
5375,0.6315505599975586,318.43067812919617
5400,0.6241717576980591,320.0007355213165
5425,0.6313944816589355,321.38056349754333
5450,0.6241711401939392,322.9442641735077
5475,0.6241874718666076,324.5190131664276
5500,0.6312720108032227,326.14067554473877
5525,0.6530529880523681,327.5874676704407
5550,0.5950880146026611,329.05194330215454
5575,0.6676176238059998,330.63798451423645
5600,0.6240392541885376,332.1851432323456
5625,0.6240726947784424,333.6379568576813
5650,0.6386412286758423,335.25327920913696
5675,0.5879398322105408,337.18177485466003
5700,0.6462025189399719,338.72720742225647
5725,0.6386122727394103,340.2100522518158
5750,0.6022666597366333,341.71428179740906
5775,0.6386615109443664,343.3943204879761
5800,0.6022936820983886,344.8982813358307
5825,0.6313516163825988,346.34371042251587
5850,0.6167939448356629,347.8942687511444
5875,0.6095190191268921,349.52279686927795
5900,0.6458355093002319,351.0650339126587
5925,0.6024249267578125,352.54942870140076
5950,0.6531546044349671,354.1066150665283
5975,0.6463125729560852,355.64117431640625
6000,0.6244466376304626,357.2871108055115
6025,0.617069890499115,358.7792549133301
6050,0.6314705801010132,360.34140515327454
6075,0.660487334728241,361.93366026878357
6100,0.6312615537643432,363.64218068122864
6125,0.6167863368988037,365.08917903900146
6150,0.6173410081863403,366.54668831825256
6175,0.6170129990577697,368.0736644268036
6200,0.6610493969917297,369.68247175216675
6225,0.6320626759529113,371.1306312084198
6250,0.6471985030174255,372.7035186290741
6275,0.6169841408729553,374.2691309452057
6300,0.6095609259605408,375.8389980792999
6325,0.6312714529037475,377.2586691379547
6350,0.6240259695053101,378.7733724117279
6375,0.6385566163063049,380.28817534446716
6400,0.6240071702003479,381.87125968933105
6425,0.6750782418251038,383.4214825630188
6450,0.6023697233200074,385.0136568546295
6475,0.6240356969833374,386.5322103500366
6500,0.638848922252655,388.0079970359802
6525,0.605535249710083,389.5051009654999
6550,0.7082430076599121,391.0326371192932
6575,0.8503537940979004,392.5768268108368
6600,0.7591413426399231,394.08561396598816
6625,0.6863892889022827,395.57904291152954
6650,0.61483225107193,397.11810064315796
6675,0.5746058559417725,398.62067222595215
6700,0.6055185008049011,400.1374979019165
6725,0.5879731822013855,401.7076587677002
6750,0.6103187394142151,403.2188332080841
6775,0.5953817963600159,404.76275062561035
6800,0.5807273888587952,406.28383111953735
6825,0.5734075736999512,407.7531735897064
6850,0.5741718888282776,409.3857457637787
6875,0.5956429719924927,410.91325974464417
6900,0.5957563662528992,412.4053087234497
6925,0.5810399198532105,413.8901035785675
6950,0.5952226972579956,415.7231800556183
6975,0.580623927116394,417.20858454704285
7000,0.5877989196777343,418.7815411090851
7025,0.5878285050392151,420.24969148635864
7050,0.6096901249885559,421.8454415798187
7075,0.609514365196228,423.33754897117615
7100,0.6022564601898194,424.8849959373474
7125,0.5949812078475952,426.3920519351959
7150,0.5804848456382752,427.9892084598541
7175,0.5732316970825195,429.5468792915344
7200,0.5950059795379639,431.0829119682312
7225,0.6022286677360534,432.69614028930664
7250,0.5949959325790405,434.3008029460907
7275,0.5659647679328919,435.8639614582062
7300,0.6385205245018005,437.4108829498291
7325,0.5877187037467957,438.92625641822815
7350,0.5804679107666015,440.5020911693573
7375,0.5882423257827759,442.14696049690247
7400,0.5878396582603455,443.58783507347107
7425,0.5732760620117188,445.0702075958252
7450,0.5660880923271179,446.71803092956543
7475,0.587746217250824,448.3458740711212
7500,0.5877353358268738,449.89204454421997
7525,0.573227961063385,451.4053325653076
7550,0.5877418065071106,453.0058879852295
7575,0.5877569603919983,454.6055133342743
7600,0.5877299547195435,456.1444170475006
7625,0.6239973664283752,457.6113770008087
7650,0.5587009453773498,459.240615606308
7675,0.6022459483146667,460.76236295700073
7700,0.594972529411316,462.3517532348633
7725,0.5804641127586365,463.7268443107605
7750,0.6167321848869324,465.29161190986633
7775,0.5877154994010926,467.04306721687317
7800,0.5877214193344116,468.56312441825867
7825,0.5877152466773987,470.04127526283264
7850,0.6022200846672058,471.6187016963959
7875,0.5804663109779358,473.1643989086151
7900,0.5877137303352356,474.7488293647766
7925,0.602221851348877,476.43183493614197
7950,0.5732277989387512,478.01896262168884
7975,0.5659825396537781,479.5908536911011
8000,0.5732080030441284,481.12178325653076
8025,0.5949663710594177,482.54012513160706
8050,0.5877314710617065,484.07671904563904
8075,0.5949759840965271,485.70963406562805
8100,0.587742965221405,487.3071312904358
8125,0.6022973775863647,488.7589433193207
8150,0.595055341720581,490.3446886539459
8175,0.5659584617614746,492.01550698280334
8200,0.5804595279693604,493.58033323287964
8225,0.5732090306282044,495.02241039276123
8250,0.5732137370109558,496.5319664478302
8275,0.566005883216858,498.0463638305664
8300,0.5805128526687622,499.5738515853882
8325,0.573219575881958,501.04071855545044
8350,0.5877113676071167,502.5987491607666
8375,0.6242343306541442,504.12497186660767
8400,0.6095127320289612,505.66951298713684
8425,0.5949648427963257,507.0556147098541
8450,0.5804595494270325,508.54342579841614
8475,0.5877158880233765,510.0686469078064
8500,0.5949661540985107,511.58847880363464
8525,0.6167493987083436,513.114373922348
8550,0.5949641871452331,514.6356055736542
8575,0.573206536769867,516.1235799789429
8600,0.5949880266189576,517.5887498855591
8625,0.6022239470481873,519.0296835899353
8650,0.6022198486328125,520.6115279197693
8675,0.6022794890403748,522.1272740364075
8700,0.5949998211860656,523.7064728736877
8725,0.5949703097343445,525.2676475048065
8750,0.5804606819152832,526.8307483196259
8775,0.5804688835144043,528.3772559165955
8800,0.5877122855186463,529.9274051189423
8825,0.6094684886932373,531.4611792564392
8850,0.587715036869049,533.0436480045319
8875,0.55870361328125,534.5562031269073
8900,0.5877166152000427,536.067732334137
8925,0.5804593133926391,537.5637686252594
8950,0.5877421283721924,539.0900983810425
8975,0.5659603571891785,540.5783751010895
9000,0.5877139759063721,542.0602362155914
9025,0.5804589557647705,543.567391872406
9050,0.5949673056602478,545.2741804122925
9075,0.5949661374092102,546.7841274738312
9100,0.6095053553581238,548.2802736759186
9125,0.602333083152771,549.7579662799835
9150,0.6167415189743042,551.392537355423
9175,0.6094811034202575,552.9441878795624
9200,0.6022276997566223,554.466099023819
9225,0.6384904193878174,555.862363576889
9250,0.5804597187042236,557.5307660102844
9275,0.5659622359275818,559.0909967422485
9300,0.5659881496429443,560.6309010982513
9325,0.580457444190979,562.0481400489807
9350,0.5732046937942505,563.7201051712036
9375,0.5732081651687622,565.3565731048584
9400,0.5804922866821289,566.955721616745
9425,0.5804665303230285,568.3675801753998
9450,0.6094834637641907,569.964916229248
9475,0.587725419998169,571.491856098175
9500,0.5877134728431702,572.9808456897736
9525,0.5949638271331787,574.362667798996
9550,0.6094849181175231,575.8391728401184
9575,0.5587017130851746,577.3876042366028
9600,0.5659532737731934,578.8106422424316
9625,0.5659569191932678,580.283748626709
9650,0.5949690246582031,581.7277827262878
9675,0.5732081007957458,583.2627108097076
9700,0.6022182202339172,584.7822592258453
9725,0.5732095289230347,586.2329294681549
9750,0.5949630236625671,587.6958591938019
9775,0.6094742298126221,589.1653430461884
9800,0.6022219276428222,590.6920311450958
9825,0.6167232799530029,592.1484467983246
9850,0.5732046794891358,593.6104726791382
9875,0.5804576063156128,595.0642213821411
9900,0.5587007188796997,596.5086467266083
9925,0.6022324347496033,597.9998242855072
9950,0.6023305559158325,599.8027992248535
9975,0.5950025486946106,601.2655975818634
10000,0.5950442337989807,602.7139897346497
10025,0.5659567523002624,604.1905407905579
10050,0.5877248477935791,605.6626808643341
10075,0.5952865719795227,607.1541321277618
10100,0.6185122609138489,608.6915051937103
10125,0.5962456727027893,610.1116628646851
10150,0.5804753303527832,611.6599435806274
10175,0.6022352933883667,613.1738164424896
10200,0.6022155547142028,614.6440606117249
10225,0.6022130513191223,616.0485994815826
10250,0.5816286277770996,617.4788103103638
10275,0.5568187499046325,618.9826898574829
10300,0.5754897141456604,620.3931386470795
10325,0.552039577960968,621.8455970287323
10350,0.5693502044677734,623.3436326980591
10375,0.6211473202705383,624.9337756633759
10400,0.6203350257873536,626.4491009712219
10425,0.5596144700050354,627.8782470226288
10450,0.555173716545105,629.3451726436615
10475,0.585996687412262,630.8678481578827
10500,0.5668223118782043,632.3425939083099
10525,0.553831217288971,633.7139313220978
10550,0.551471676826477,635.1288542747498
10575,0.5641842341423035,636.708113193512
10600,0.5678121995925903,638.138708114624
10625,0.5948085308074951,639.5920794010162
10650,0.5521536827087402,641.0830895900726
10675,0.5516643714904785,642.5721302032471
10700,0.5516662740707398,644.0371918678284
10725,0.5515029358863831,645.4817047119141
10750,0.5516165590286255,646.9896092414856
10775,0.5514553880691528,648.577691078186
10800,0.5514632606506348,650.0646142959595
10825,0.5514573407173157,651.4282956123352
10850,0.5521676278114319,652.9617109298706
10875,0.5514709305763245,654.4602596759796
10900,0.5561100769042969,655.9713587760925
10925,0.5515687584877014,657.3116750717163
10950,0.5525376129150391,658.8698365688324
10975,0.5514638209342957,660.3338589668274
11000,0.551452853679657,661.7896528244019
11025,0.5514453959465027,663.2463610172272
11050,0.551445255279541,664.8321630954742
11075,0.5514455986022949,666.3500759601593
11100,0.5514525651931763,667.8730597496033
11125,0.5514462542533874,669.2557690143585
11150,0.5514487338066101,670.7065088748932
11175,0.5514526009559632,672.1490521430969
11200,0.551447389125824,673.7045724391937
11225,0.5514459729194641,675.0573287010193
11250,0.5514462041854858,676.5190832614899
11275,0.5514459204673767,677.9802672863007
11300,0.5514466500282288,679.4339926242828
11325,0.5515145969390869,680.8409566879272
11350,0.5514455389976501,682.3173432350159
11375,0.5514452886581421,683.7768454551697
11400,0.5514472532272339,685.2037737369537
11425,0.5514447689056396,686.6258807182312
11450,0.5514450550079346,688.0873055458069
11475,0.5593626761436462,689.5747838020325
11500,0.5514455246925354,691.067164182663
11525,0.5514458012580872,692.5351414680481
11550,0.5514495301246644,694.0299434661865
11575,0.5514454960823059,695.539665222168
11600,0.5514465928077698,696.9303109645844
11625,0.5514455389976501,698.3196115493774
11650,0.5514476704597473,699.7679200172424
11675,0.5514458727836609,701.2704641819
11700,0.5514458036422729,702.7457237243652
11725,0.5514456057548522,704.1720843315125
11750,0.5514461827278138,705.6505658626556
11775,0.5514494276046753,707.1329066753387
11800,0.5514450716972351,708.6763079166412
11825,0.5514454102516174,710.1201968193054
11850,0.5514452052116394,711.603707075119
11875,0.5514469981193543,713.0498020648956
11900,0.5514453458786011,714.5831203460693
11925,0.5514456009864808,715.9889025688171
11950,0.5514455175399781,717.4403879642487
11975,0.5514453911781311,718.9121251106262
12000,0.5514467024803161,720.390869140625
12025,0.5514455890655517,721.8981075286865
12050,0.5514451813697815,723.3800480365753
12075,0.5514467144012452,724.7569699287415
12100,0.551445665359497,726.1410000324249
12125,0.5514453268051147,727.5440871715546
12150,0.551448130607605,728.9962978363037
12175,0.5514531540870666,730.490895986557
12200,0.5514465665817261,731.9638137817383
12225,0.551446053981781,733.3547191619873
12250,0.551444878578186,734.8720679283142
12275,0.5514502453804017,736.3781583309174
12300,0.5514448189735413,737.8202693462372
12325,0.5514451503753662,739.2151560783386
12350,0.5514457368850708,740.6844408512115
12375,0.551445152759552,742.212465763092
12400,0.5514463472366333,743.7251987457275
12425,0.5514454174041749,745.0347275733948
12450,0.5514450669288635,746.4841585159302
12475,0.5514462566375733,747.9810490608215
12500,0.5514457893371582,749.555144071579
12525,0.5514468026161193,751.0033576488495
12550,0.5514453387260437,752.4606504440308
12575,0.5514460062980652,753.9760377407074
12600,0.5514454627037049,755.4546813964844
12625,0.5514456415176392,756.8811039924622
12650,0.5514465594291686,758.3152270317078
12675,0.5514451098442078,759.7495322227478
12700,0.5514459633827209,761.2355840206146
12725,0.5514463758468628,762.7043750286102
12750,0.5514488935470581,764.2116487026215
12775,0.5514451861381531,765.6688644886017
12800,0.5514465689659118,767.1385433673859
12825,0.5514450120925903,768.5268113613129
12850,0.5514453148841858,770.0147347450256
12875,0.5514455962181092,771.489287853241
12900,0.5514499354362488,772.9639766216278
12925,0.551444993019104,774.3669767379761
12950,0.5514471173286438,775.9359583854675
12975,0.551445119380951,777.4039421081543
13000,0.5514450740814208,778.9076924324036
13025,0.5514463591575622,780.302232503891
13050,0.5514450669288635,781.7644467353821
13075,0.5514452743530274,783.2108776569366
13100,0.5514460706710815,784.7218534946442
13125,0.5514461040496826,786.1189548969269
13150,0.551446578502655,787.5455358028412
13175,0.5514475417137146,788.9757499694824
13200,0.5514449286460876,790.5070281028748
13225,0.5514457798004151,791.8911528587341
13250,0.5514451551437378,793.3518221378326
13275,0.5514464807510376,794.8372032642365
13300,0.5514463591575622,796.3055789470673
13325,0.5514451169967651,797.7347164154053
13350,0.5514459800720215,799.1793167591095
13375,0.551445722579956,800.6621584892273
13400,0.5514492988586426,802.1399693489075
13425,0.551445152759552,803.5725529193878
13450,0.5514456629753113,805.3452899456024
13475,0.55144779920578,806.8252463340759
13500,0.5514456677436829,808.2799434661865
13525,0.5514451622962951,809.7013289928436
13550,0.5514476323127746,811.2306921482086
13575,0.5514452385902405,812.7353508472443
13600,0.5514461922645569,814.2081196308136
13625,0.5514451241493226,815.6056363582611
13650,0.5514476227760315,817.0554594993591
13675,0.5514453887939453,818.5987455844879
13700,0.5514472389221191,820.0560183525085
13725,0.5514456510543824,821.4534084796906
13750,0.5514458084106445,822.8993752002716
13775,0.5514452123641967,824.3897821903229
13800,0.5514454627037049,825.8676824569702
13825,0.5514457941055297,827.3111610412598
13850,0.5514463973045349,828.8200089931488
13875,0.5514453887939453,830.3481867313385
13900,0.5514469194412231,831.8750102519989
13925,0.5514458060264588,833.3000960350037
13950,0.5514459681510925,834.7601134777069
13975,0.5514456224441528,836.2249882221222
14000,0.5514453029632569,837.742133140564
14025,0.5514468121528625,839.22776222229
14050,0.5514458322525024,840.7363514900208
14075,0.551445484161377,842.2323548793793
14100,0.5514465880393982,843.6798367500305
14125,0.5514451789855958,845.0600643157959
14150,0.5514455723762512,846.5545818805695
14175,0.5514465403556824,847.983145236969
14200,0.551445484161377,849.4313728809357
14225,0.5514452815055847,850.8690822124481
14250,0.5514506268501281,852.3759963512421
14275,0.5514466953277588,853.8364977836609
14300,0.5514487838745117,855.2840757369995
14325,0.551445324420929,856.6746685504913
14350,0.551445505619049,858.1183888912201
14375,0.5514458417892456,859.63827085495