i,loss,time
25,1.1003138732910156,0.5970067977905273
50,1.0993322324752808,0.976595401763916
75,1.0640156602859496,1.4076464176177979
100,1.0827714967727662,1.7843799591064453
125,1.0584843826293946,2.174072265625
150,1.055206959247589,2.5617473125457764
175,1.1154685997962952,2.9555504322052
200,1.1109906029701233,3.337193250656128
225,1.0657875108718873,3.765658378601074
250,1.033223147392273,4.182608604431152
275,1.1665182638168334,4.598840236663818
300,1.082641589641571,5.015866279602051
325,1.1170932173728942,5.4368603229522705
350,1.1006621551513671,5.859794855117798
375,1.0847337317466736,6.276953458786011
400,1.0908508968353272,6.6784632205963135
425,1.0954514265060424,7.0973663330078125
450,1.0573370957374573,7.4961395263671875
475,1.097245545387268,7.905000448226929
500,1.0533705830574036,8.311346769332886
525,1.1061731028556823,8.733202695846558
550,1.1112518072128297,9.13616418838501
575,1.0636932373046875,9.55354356765747
600,1.0885967588424683,9.965608835220337
625,1.0553561520576478,10.377418279647827
650,1.0778969526290894,10.798698425292969
675,1.1247295427322388,11.21965479850769
700,1.0810861110687255,11.645012378692627
725,1.0798462867736816,12.096629619598389
750,1.1107670164108276,12.56115460395813
775,1.0835208344459533,13.013249635696411
800,1.0875921511650086,13.457101821899414
825,1.031042490005493,13.937598943710327
850,1.0886544537544252,14.400300741195679
875,1.0188422846794127,14.902010202407837
900,1.0445885729789735,15.423298120498657
925,1.062123668193817,15.867813110351562
950,1.0109878921508788,16.308924198150635
975,1.0760498785972594,16.759031534194946
1000,0.9981612277030945,17.19345736503601
1025,1.049281620979309,17.643980503082275
1050,1.0622575783729553,18.08778166770935
1075,1.0972621440887451,18.53891658782959
1100,1.1360406637191773,18.981006145477295
1125,1.0718187165260316,19.44304084777832
1150,1.0741275119781495,19.952540159225464
1175,1.0557912635803222,20.46044611930847
1200,1.0623336505889893,20.930846691131592
1225,0.9828084111213684,21.36612367630005
1250,1.1007646465301513,21.83931827545166
1275,1.0714509224891662,22.301496028900146
1300,1.0353742194175721,22.74514079093933
1325,1.1230101108551025,23.184293508529663
1350,1.0601487684249877,23.630853176116943
1375,1.0617370653152465,24.063299655914307
1400,0.9895033264160156,24.500799894332886
1425,1.1064688491821288,24.954644918441772
1450,1.1455891036987305,25.40355110168457
1475,1.044601640701294,25.880100965499878
1500,1.0406430244445801,26.339570999145508
1525,1.1267599034309388,26.77433204650879
1550,1.043822832107544,27.208070993423462
1575,1.0433468556404113,27.647815704345703
1600,1.099023880958557,28.086793184280396
1625,1.117840929031372,28.533462524414062
1650,1.0405107808113099,29.002597332000732
1675,1.078450982570648,29.46509552001953
1700,1.0912384486198425,29.93070673942566
1725,1.0655242586135865,30.381689310073853
1750,1.0357767248153686,30.835359811782837
1775,1.1153034043312073,31.290491342544556
1800,1.003738696575165,31.74155831336975
1825,1.062254912853241,32.16317868232727
1850,1.0017078852653503,32.598275899887085
1875,1.0579770851135253,33.04352521896362
1900,1.0817518019676209,33.49713945388794
1925,1.031296305656433,33.985923051834106
1950,1.061917350292206,34.5357232093811
1975,1.065061936378479,35.06283903121948
2000,1.1025069808959962,35.58400774002075
2025,1.1321186447143554,36.057114601135254
2050,1.0550471472740173,36.51945900917053
2075,1.0453952050209045,37.00245118141174
2100,1.0210269141197204,37.45485329627991
2125,0.9749629354476929,37.911755323410034
2150,0.9989315176010132,38.366589307785034
2175,1.1677579021453857,38.814963817596436
2200,1.0439115738868714,39.25236368179321
2225,1.0825421023368835,39.708812952041626
2250,1.0097907090187073,40.148796796798706
2275,1.0700806546211243,40.58487796783447
2300,1.0292787432670594,41.02474856376648
2325,1.0517338633537292,41.485755920410156
2350,1.0980724120140075,41.94273042678833
2375,1.097130584716797,42.41027069091797
2400,1.0338037276268006,42.854087352752686
2425,1.0123148775100708,43.34515643119812
2450,1.089664068222046,43.77831268310547
2475,1.0397654128074647,44.2125039100647
2500,1.054799735546112,44.62547540664673
2525,1.0034880661964416,45.04014778137207
2550,1.0468332171440125,45.45683932304382
2575,1.046621503829956,45.87888026237488
2600,1.0521842193603517,46.296778440475464
2625,0.976747522354126,46.728647232055664
2650,1.0436154007911682,47.16176509857178
2675,0.9637720894813537,47.57148742675781
2700,1.0308332657814026,47.9869487285614
2725,0.9268126893043518,48.416669607162476
2750,0.9824926137924195,48.82428741455078
2775,0.9282246255874633,49.24350047111511
2800,0.9560884308815002,49.68252944946289
2825,0.886300938129425,50.11473369598389
2850,0.8730138635635376,50.53685021400452
2875,0.9346816730499268,50.95887899398804
2900,0.873381028175354,51.393848180770874
2925,0.876714985370636,51.85521697998047
2950,0.8635113334655762,52.281898498535156
2975,0.8375094079971314,52.71340322494507
3000,0.9610399222373962,53.13352298736572
3025,0.7961431360244751,53.59973621368408
3050,0.840164213180542,54.01825737953186
3075,0.7695289993286133,54.45667243003845
3100,0.798754267692566,54.880940437316895
3125,0.9633490180969239,55.33395195007324
3150,0.8362202501296997,55.75451993942261
3175,0.7830100989341736,56.18496775627136
3200,0.7989434528350831,56.61634588241577
3225,0.8177919554710388,57.035531997680664
3250,0.7793614506721497,57.44619131088257
3275,0.8139778852462769,57.88772988319397
3300,0.9241218280792236,58.31468343734741
3325,0.8032788896560669,58.81308841705322
3350,0.7830558896064759,59.31117606163025
3375,0.6430153846740723,59.74055767059326
3400,0.9260654640197754,60.16086435317993
3425,0.8049028921127319,60.63955807685852
3450,0.7631529521942139,61.098429441452026
3475,0.64694580078125,61.56264638900757
3500,0.7667055726051331,62.0425820350647
3525,0.7240439748764038,62.50582695007324
3550,0.679741177558899,62.93386483192444
3575,0.8580564403533936,63.35864520072937
3600,0.7634733247756958,63.79162955284119
3625,0.5991033267974853,64.25114345550537
3650,0.7637531423568725,64.6846570968628
3675,0.7024620652198792,65.13272595405579
3700,0.6782339572906494,65.58440375328064
3725,0.6930350828170776,66.0427017211914
3750,0.713914623260498,66.47239899635315
3775,0.8350651192665101,66.91770958900452
3800,0.7961614036560059,67.35764694213867
3825,0.7492648434638977,67.8392276763916
3850,0.8509784722328186,68.2870421409607
3875,0.831594033241272,68.74320960044861
3900,0.6418936133384705,69.1811933517456
3925,0.7524565434455872,69.64376258850098
3950,0.7865337085723877,70.0691978931427
3975,0.6970811891555786,70.52473139762878
4000,0.8224065637588501,70.96443748474121
4025,0.6728773021697998,71.43902325630188
4050,0.778492648601532,71.86847925186157
4075,0.7760793232917785,72.31345629692078
4100,0.7722549748420715,72.74547576904297
4125,0.7462518739700318,73.19310760498047
4150,0.8238438391685485,73.61020994186401
4175,0.6865574479103088,74.05017232894897
4200,0.7261279630661011,74.47998929023743
4225,0.6671841478347779,74.94537472724915
4250,0.6723218011856079,75.3800847530365
4275,0.6719883227348328,75.81662034988403
4300,0.7842671704292298,76.22894787788391
4325,0.7043944859504699,76.68871831893921
4350,0.7123652338981629,77.14010047912598
4375,0.8044777989387513,77.59819483757019
4400,0.7746690392494202,78.05060195922852
4425,0.8206890988349914,78.5409996509552
4450,0.7389190816879272,79.00175881385803
4475,0.7910501337051392,79.47631049156189
4500,0.822469527721405,79.92954993247986
4525,0.7443216848373413,80.39398860931396
4550,0.6706650424003601,80.84388637542725
4575,0.6730084419250488,81.31834697723389
4600,0.7564225125312806,81.75813245773315
4625,0.8695911169052124,82.22727179527283
4650,0.7907609677314759,82.66326999664307
4675,0.669453341960907,83.11461091041565
4700,0.6695161938667298,83.54085421562195
4725,0.7142206525802612,83.99991202354431
4750,0.7026440334320069,84.43158721923828
4775,0.7431340551376343,84.87000274658203
4800,0.6324453258514404,85.29954385757446
4825,0.7193464684486389,85.85824060440063
4850,0.665015640258789,86.30218482017517
4875,0.666142156124115,86.76742672920227
4900,0.7795255541801452,87.1976146697998
4925,0.8479766201972961,87.64507365226746
4950,0.7070941901206971,88.07213068008423
4975,0.7615478539466858,88.51695370674133
5000,0.8115947890281677,88.94733476638794
5025,0.6254303145408631,89.40282011032104
5050,0.7496662187576294,89.83984398841858
5075,0.7089817380905151,90.2621202468872
5100,0.7010603141784668,90.68229722976685
5125,0.668131308555603,91.1370222568512
5150,0.7851268935203553,91.56263637542725
5175,0.8171564388275147,91.99240517616272
5200,0.7064694786071777,92.40860962867737
5225,0.6653293371200562,92.86352372169495
5250,0.6360943007469178,93.30019783973694
5275,0.6667172980308532,93.72256827354431
5300,0.7101444959640503,94.15278244018555
5325,0.6408167409896851,94.59894323348999
5350,0.7458920764923096,95.01693344116211
5375,0.6624791145324707,95.45170259475708
5400,0.6649591517448425,95.86659932136536
5425,0.6724763584136962,96.31771039962769
5450,0.7456391263008117,96.74886679649353
5475,0.5889088082313537,97.19292140007019
5500,0.6633556056022644,97.62652850151062
5525,0.7064395141601563,98.07640171051025
5550,0.7594499945640564,98.50601696968079
5575,0.8104292321205139,98.9388906955719
5600,0.6713487935066224,99.3659679889679
5625,0.7841991448402404,99.80510067939758
5650,0.7454605865478515,100.2190294265747
5675,0.7433952522277832,100.6484010219574
5700,0.7458552527427673,101.0546510219574
5725,0.626642758846283,101.51431274414062
5750,0.6631543588638306,101.92830085754395
5775,0.7853162574768067,102.34959483146667
5800,0.6645929312705994,102.88391351699829
5825,0.7750080633163452,103.33353900909424
5850,0.7430608701705933,103.74873685836792
5875,0.7415876793861389,104.16996550559998
5900,0.7104127907752991,104.60638689994812
5925,0.7026613402366638,105.05727744102478
5950,0.6264375758171081,105.46849918365479
5975,0.6274922394752502,105.91849040985107
6000,0.7445781135559082,106.35909366607666
6025,0.8181125283241272,106.79547095298767
6050,0.711046826839447,107.22144079208374
6075,0.700063636302948,107.67990040779114
6100,0.5891651248931885,108.10993456840515
6125,0.7357687687873841,108.55441522598267
6150,0.7395240449905396,108.98367166519165
6175,0.6643630766868591,109.40572142601013
6200,0.8177922153472901,109.82338547706604
6225,0.6732658958435058,110.28515362739563
6250,0.6670214033126831,110.71211552619934
6275,0.592567138671875,111.14717125892639
6300,0.7847038006782532,111.56761288642883
6325,0.8495884442329407,112.02235746383667
6350,0.9671453237533569,112.45675945281982
6375,0.78306067943573,112.88456583023071
6400,0.6243243908882141,113.31836295127869
6425,0.6697661638259887,113.7718915939331
6450,0.6856591057777405,114.18260383605957
6475,0.713222804069519,114.6114342212677
6500,0.6767989420890808,115.02529191970825
6525,0.7044530820846557,115.46766185760498
6550,0.699877290725708,115.88256907463074
6575,0.8500823283195496,116.30663442611694
6600,0.7501132202148437,116.72210454940796
6625,0.803781487941742,117.16901350021362
6650,0.6700084066390991,117.5876829624176
6675,0.5899077987670899,118.01834392547607
6700,0.7021687459945679,118.4438693523407
6725,0.7070469760894775,118.89503526687622
6750,0.7640128016471863,119.33639073371887
6775,0.7132149028778076,119.77945613861084
6800,0.781837842464447,120.2096381187439
6825,0.6700092506408691,120.65698266029358
6850,0.7828885912895203,121.06437587738037
6875,0.7784036469459533,121.49908518791199
6900,0.7037213039398194,121.91692185401917
6925,0.7412382984161376,122.35868644714355
6950,0.7815067553520203,122.78144478797913
6975,0.6688554430007935,123.20870161056519
7000,0.7032461261749268,123.63871479034424
7025,0.7379602289199829,124.08285546302795
7050,0.7023990797996521,124.49906373023987
7075,0.776042013168335,124.93078112602234
7100,0.774805772304535,125.35643291473389
7125,0.7015442824363709,125.81269764900208
7150,0.7043137431144715,126.24239182472229
7175,0.6304962754249572,126.68668723106384
7200,0.8980485129356385,127.13471627235413
7225,0.627013623714447,127.66466403007507
7250,0.9289253973960876,128.09028315544128
7275,0.7149914956092834,128.52655220031738
7300,0.688971745967865,128.93901944160461
7325,0.7471365237236023,129.39454102516174
7350,0.7056311678886413,129.80921053886414
7375,0.6650331783294677,130.23596692085266
7400,0.7465965175628662,130.6440088748932
7425,0.7898545646667481,131.08356165885925
7450,0.7484696698188782,131.49449014663696
7475,0.7430636048316955,131.9094934463501
7500,0.7060500717163086,132.31955885887146
7525,0.8180989265441895,132.76777839660645
7550,0.6998326063156128,133.1842029094696
7575,0.5524897336959839,133.60452222824097
7600,0.6795118761062622,134.027446269989
7625,0.7370967936515808,134.49347686767578
7650,0.7135864639282227,134.94818210601807
7675,0.926291241645813,135.3766541481018
7700,0.67589759349823,135.79437518119812
7725,0.7028249406814575,136.25081658363342
7750,0.6732406091690063,136.68942379951477
7775,0.6295665931701661,137.1304066181183
7800,0.6638958597183228,137.56052350997925
7825,0.7392367959022522,138.01291823387146
7850,0.7053679323196411,138.4580545425415
7875,0.6664236474037171,138.89126992225647
7900,0.7012467122077942,139.30953216552734
7925,0.8142487335205079,139.7649507522583
7950,0.7388934016227722,140.19047236442566
7975,0.5881875538825989,140.63078474998474
8000,0.719952335357666,141.0705108642578
8025,0.7562731575965881,141.52698945999146
8050,0.6700186800956726,141.95540118217468
8075,0.6302315998077392,142.38433241844177
8100,0.8954426884651184,142.82290935516357
8125,0.6710792350769043,143.27565026283264
8150,0.5879068160057068,143.71923279762268
8175,0.8223550057411194,144.17024564743042
8200,0.7373686385154724,144.61095261573792
8225,0.6729057931900024,145.07648134231567
8250,0.7014909052848816,145.4866979122162
8275,0.8143695998191833,145.9093201160431
8300,0.745200228691101,146.32991647720337
8325,0.7429393911361695,146.7907886505127
8350,0.7038326787948609,147.21438336372375
8375,0.7038563561439514,147.6467559337616
8400,0.8153466820716858,148.07249546051025
8425,0.7053391575813294,148.53425645828247
8450,0.7066174817085266,148.9693944454193
8475,0.6980445790290832,149.40236592292786
8500,0.7034607744216919,149.8179874420166
8525,0.7765472316741944,150.26774549484253
8550,0.627344217300415,150.6986334323883
8575,0.7448092889785767,151.14790511131287
8600,0.6617203640937805,151.57354521751404
8625,0.7032314252853393,152.00440502166748
8650,0.7014248752593994,152.42198705673218
8675,0.6618267178535462,152.84576892852783
8700,0.7428084540367127,153.26071453094482
8725,0.7048909378051758,153.71558499336243
8750,0.6980895757675171,154.14118480682373
8775,0.6645014572143555,154.58067512512207
8800,0.8242056965827942,154.99851369857788
8825,0.6649190044403076,155.45623064041138
8850,0.6670106935501099,155.86621189117432
8875,0.6285177898406983,156.2922444343567
8900,0.6278696060180664,156.7130901813507
8925,0.8542501997947692,157.16728162765503
8950,0.6636856913566589,157.5956802368164
8975,0.7393480205535888,158.02790188789368
9000,0.6251673913002014,158.45669627189636
9025,0.6305048537254333,158.91161513328552
9050,0.7490491080284118,159.32381772994995
9075,0.6677578830718994,159.75557780265808
9100,0.626707513332367,160.17815494537354
9125,0.7419593334197998,160.62156319618225
9150,0.6984599924087525,161.0485987663269
9175,0.5891889643669128,161.4889805316925
9200,0.7448370575904846,161.91054844856262
9225,0.5881436204910279,162.3674397468567
9250,0.7471444296836853,162.7823405265808
9275,0.8623162937164307,163.2043673992157
9300,0.6685906171798706,163.6409351825714
9325,0.6286873435974121,164.0887598991394
9350,0.6295966839790345,164.5086545944214
9375,0.702437481880188,164.96039843559265
9400,0.7443626952171326,165.36307644844055
9425,0.7400497937202454,165.815771818161
9450,0.7794699239730835,166.2375226020813
9475,0.8181770658493042,166.6665699481964
9500,0.8147977375984192,167.07553601264954
9525,0.7045865821838379,167.5494213104248
9550,0.7050726246833802,167.9833402633667
9575,0.8531775808334351,168.4465672969818
9600,0.7014024519920349,168.92763090133667
9625,0.7837155866622925,169.46026515960693
9650,0.6260172629356384,169.88915991783142
9675,0.8170720148086548,170.32251906394958
9700,0.7761972975730896,170.7460060119629
9725,0.6718611526489258,171.18453311920166
9750,0.7425998759269714,171.60023832321167
9775,0.7908473658561707,172.02538418769836
9800,0.8171078276634216,172.44267559051514
9825,0.8108391070365906,172.88915467262268
9850,0.6262735223770142,173.2949776649475
9875,0.7566864824295044,173.72863745689392
9900,0.7436563110351563,174.14930748939514
9925,0.6253601503372193,174.58070611953735
9950,0.7004226684570313,174.98258233070374
9975,0.701781108379364,175.39794635772705
10000,0.6258196711540223,175.8095166683197
10025,0.6637128496170044,176.25995922088623
10050,0.8117323541641235,176.68618249893188
10075,0.6270141363143921,177.11321234703064
10100,0.7814669275283813,177.52544617652893
10125,0.7012902665138244,177.9614200592041
10150,0.704841878414154,178.37556385993958
10175,0.6619862079620361,178.79530262947083
10200,0.5905431628227233,179.19764375686646
10225,0.8087888813018799,179.6343379020691
10250,0.6999084806442261,180.0472536087036
10275,0.6980878210067749,180.46703243255615
10300,0.6281818842887879,180.88086676597595
10325,0.6295245742797851,181.30841183662415
10350,0.8093193340301513,181.7115499973297
10375,0.7733733677864074,182.11607813835144
10400,0.735303168296814,182.513854265213
10425,0.8087542295455933,182.9480836391449
10450,0.7391451406478882,183.36775946617126
10475,0.5899978137016296,183.8095042705536
10500,0.7345892548561096,184.23490619659424
10525,0.6986057114601135,184.6689009666443
10550,0.7722471499443054,185.0862786769867
10575,0.7017797923088074,185.50137948989868
10600,0.7712306618690491,185.91712880134583
10625,0.6994131302833557,186.3493299484253
10650,0.7706288433074951,186.74390268325806
10675,0.6248239946365356,187.15528392791748
10700,0.7008547067642212,187.5577335357666
10725,0.5881262922286987,187.97865295410156
10750,0.6636098933219909,188.387553691864
10775,0.8088624739646911,188.80128502845764
10800,0.6244024229049683,189.2202033996582
10825,0.6612563300132751,189.65552592277527
10850,0.6295552039146424,190.05754351615906
10875,0.6254526281356811,190.4761312007904
10900,0.7001935863494873,190.9026484489441
10925,0.6651789379119873,191.34155130386353
10950,0.736623899936676,191.7441122531891
10975,0.5518583917617798,192.15464615821838
11000,0.7733760476112366,192.56345009803772
11025,0.8110985946655274,192.98970198631287
11050,0.8519088697433471,193.39148569107056
11075,0.8108122730255127,193.80572700500488
11100,0.8897797775268554,194.20595955848694
11125,0.7002338886260986,194.63286137580872
11150,0.5905810284614563,195.03543615341187
11175,0.7412120199203491,195.44862294197083
11200,0.7010771989822387,195.89742350578308
11225,0.7366870355606079,196.33324766159058
11250,0.773018536567688,196.75387954711914
11275,0.7338482236862183,197.17038798332214
11300,0.6977671265602112,197.5837526321411
11325,0.770724105834961,198.0219807624817
11350,0.661528959274292,198.4330394268036
11375,0.6987610697746277,198.8616361618042
11400,0.6627576208114624,199.2614507675171
11425,0.624482958316803,199.7785768508911
11450,0.7728315544128418,200.17570805549622
11475,0.6969925665855408,200.58076739311218
11500,0.7705186438560486,200.99281692504883
11525,0.66224280834198,201.44035267829895
11550,0.6986348176002503,201.8532910346985
11575,0.8140386247634888,202.2900321483612
11600,0.7044984412193298,202.7193636894226
11625,0.7010656952857971,203.14375162124634
11650,0.6992056751251221,203.55289268493652
11675,0.7385833573341369,203.95186352729797
11700,0.7016540431976318,204.36358785629272
11725,0.6619542527198792,204.81384825706482
11750,0.6972400522232056,205.2069227695465
11775,0.6978421950340271,205.61463904380798
11800,0.6246764683723449,206.03156518936157
11825,0.6613372135162353,206.50735878944397
11850,0.6248538422584534,206.90481567382812
11875,0.8105711150169372,207.3183629512787
11900,0.812295048236847,207.74286723136902
11925,0.6263776731491089,208.186101436615
11950,0.700932674407959,208.61004424095154
11975,0.6245965552330017,209.02189874649048
12000,0.5880750918388367,209.43634223937988
12025,0.8904703068733215,209.91126942634583
12050,0.7703807854652405,210.30209493637085
12075,0.8420748805999756,210.70692420005798
12100,0.6976993441581726,211.1032259464264
12125,0.7370150709152221,211.52906274795532
12150,0.7727527785301208,211.9305398464203
12175,0.664708514213562,212.32820582389832
12200,0.7383684349060059,212.71897840499878
12225,0.6990985083580017,213.12363958358765
12250,0.7377832603454589,213.50560665130615
12275,0.6631483173370362,213.90179014205933
12300,0.7353191995620727,214.29105138778687
12325,0.7350084924697876,214.7355079650879
12350,0.7002462840080261,215.13791584968567
12375,0.6605385184288025,215.5606062412262
12400,0.6625902509689331,215.9731948375702
12425,0.7725584053993225,216.4012861251831
12450,0.8081982278823853,216.79367065429688
12475,0.6976513457298279,217.2057168483734
12500,0.6607200741767884,217.59770464897156
12525,0.7343612837791443,218.01953101158142
12550,0.7055708837509155,218.41202068328857
12575,0.6250448322296143,218.8192105293274
12600,0.664536018371582,219.21893692016602
12625,0.6289465165138245,219.66410493850708
12650,0.7336490941047669,220.05582547187805
12675,0.7752359485626221,220.46201300621033
12700,0.7707063436508179,220.9241008758545
12725,0.6632234477996826,221.36075901985168
12750,0.8840926790237427,221.76353526115417
12775,0.6975482082366944,222.1691553592682
12800,0.6613275432586669,222.57536697387695
12825,0.697332546710968,223.01345777511597
12850,0.7353008031845093,223.42196559906006
12875,0.771216561794281,223.82138395309448
12900,0.6244953298568725,224.21394276618958
12925,0.7363555669784546,224.64160299301147
12950,0.734002811908722,225.04358649253845
12975,0.7350636696815491,225.45906567573547
13000,0.6975753235816956,225.86464166641235
13025,0.73865070104599,226.29228687286377
13050,0.7360955810546875,226.68077754974365
13075,0.7008718204498291,227.09202694892883
13100,0.7713458728790283,227.4901626110077
13125,0.5517003226280213,227.91028094291687
13150,0.7711995029449463,228.3153977394104
13175,0.7709582924842835,228.72642421722412
13200,0.6255456304550171,229.12942624092102
13225,0.7374359107017517,229.56312584877014
13250,0.6606022047996521,229.98743319511414
13275,0.8073011612892151,230.38694953918457
13300,0.6607857584953308,230.7718300819397
13325,0.6607553076744079,231.20650625228882
13350,0.6250622606277466,231.59376430511475
13375,0.7336509060859681,231.9901361465454
13400,0.6242385721206665,232.38263630867004
13425,0.6241621923446655,232.81367421150208
13450,0.6246148943901062,233.20065712928772
13475,0.6244040727615356,233.61142468452454
13500,0.7728910326957703,234.021559715271
13525,0.6990253734588623,234.4443097114563
13550,0.7697709703445434,234.85242581367493
13575,0.6606122088432312,235.27751350402832
13600,0.6615494585037232,235.66803526878357
13625,0.7343166446685792,236.09098386764526
13650,0.6984686589241028,236.47795748710632
13675,0.7340278196334838,236.87709832191467
13700,0.7350958800315857,237.26135230064392
13725,0.6623428869247436,237.6711642742157
13750,0.662599458694458,238.06375980377197
13775,0.6614184617996216,238.4576723575592
13800,0.6607736110687256,238.85345220565796
13825,0.8791769099235535,239.28616094589233
13850,0.7696554207801819,239.6889524459839
13875,0.7341933584213257,240.10142874717712
13900,0.5896106338500977,240.52861499786377
13925,0.6252557611465455,240.9669771194458
13950,0.6985410976409913,241.36720395088196
13975,0.6980972504615783,241.77886748313904
14000,0.7332620334625244,242.18257761001587
14025,0.5892102670669556,242.61625409126282
14050,0.6985878920555115,243.01934242248535
14075,0.7336683583259582,243.4506196975708
14100,0.6993640899658203,243.85927748680115
14125,0.6994925498962402,244.28703618049622
14150,0.7711416006088256,244.67474150657654
14175,0.6279297924041748,245.07538414001465
14200,0.7009113764762879,245.46971344947815
14225,0.8471059679985047,245.8840775489807
14250,0.6614513993263245,246.27204632759094
14275,0.6615501976013184,246.6720633506775
14300,0.771669557094574,247.06793308258057
14325,0.6986721324920654,247.48645114898682
14350,0.6611146235466003,247.88309168815613
14375,0.66245365858078,248.2875702381134
14400,0.6246187543869018,248.68180298805237
14425,0.7345749306678772,249.19688272476196
14450,0.6980470299720765,249.61836171150208
14475,0.8113833022117615,250.04707384109497
14500,0.6614493298530578,250.47156715393066
14525,0.6262765121459961,250.90786480903625
14550,0.6607523941993714,251.3006558418274
14575,0.7369862985610962,251.71979355812073
14600,0.7692617511749268,252.11966109275818
14625,0.7345372986793518,252.55617809295654
14650,0.6605226492881775,252.9750576019287
14675,0.6605708503723144,253.3928940296173
14700,0.6624334168434143,253.8097689151764
14725,0.660441300868988,254.2588014602661
14750,0.6997804403305053,254.68395018577576
14775,0.7706367754936219,255.09592723846436
14800,0.6972042775154114,255.4960641860962
14825,0.5880914974212647,255.93144869804382
14850,0.7346344780921936,256.3270103931427
14875,0.6981997394561767,256.74144887924194
14900,0.7705102372169494,257.1579689979553
14925,0.6975873756408691,257.5925483703613
14950,0.6635791230201721,257.98256754875183
14975,0.7702457547187805,258.3913850784302
15000,0.7703694796562195,258.8961777687073
15025,0.8071070504188538,259.34085512161255
15050,0.6975150561332703,259.73811292648315
15075,0.6245562648773193,260.1551990509033
15100,0.806610598564148,260.5592792034149
15125,0.5519745469093322,261.00572061538696
15150,0.8440986561775208,261.4014616012573
15175,0.6971724605560303,261.81186175346375
15200,0.6607162570953369,262.2068381309509
15225,0.6615891480445861,262.64135217666626
15250,0.6983002424240112,263.042888879776
15275,0.7698195314407349,263.45534014701843
15300,0.6615481352806092,263.8602674007416
15325,0.7705808305740356,264.27256870269775
15350,0.6607088470458984,264.6707444190979
15375,0.7696172690391541,265.0827212333679
15400,0.5879126358032226,265.4909553527832
15425,0.698116934299469,265.9291877746582
15450,0.8426856541633606,266.34001111984253
15475,0.6246159291267395,266.74024510383606
15500,0.7709789299964904,267.15566301345825
15525,0.6609458327293396,267.58906507492065
15550,0.8432269382476807,267.99704027175903
15575,0.6610412240028382,268.4162383079529
15600,0.7694041109085084,268.8334159851074
15625,0.6603312182426453,269.2607214450836
15650,0.7702411985397339,269.6578550338745
15675,0.806012020111084,270.09167885780334
15700,0.6605983734130859,270.5009095668793
15725,0.6244245910644531,270.93801045417786
15750,0.6971169900894165,271.3352279663086
15775,0.6973388695716858,271.7565686702728
15800,0.7724768352508545,272.1701738834381
15825,0.7356151509284973,272.60261511802673
15850,0.7359973239898682,272.99867606163025
15875,0.7364982628822326,273.40204095840454
15900,0.7352371788024903,273.8025653362274
15925,0.6991081404685974,274.24050998687744
15950,0.7354528880119324,274.6564631462097
15975,0.6255040049552918,275.08064222335815
16000,0.6610287427902222,275.4780614376068
16025,0.7344682240486144,275.9105861186981
16050,0.7720479106903076,276.3200635910034
16075,0.6242180848121643,276.75030064582825
16100,0.6967947959899903,277.148503780365
16125,0.624964509010315,277.5876922607422
16150,0.7330710172653199,277.98158621788025
16175,0.6609054970741272,278.38807344436646
16200,0.661392138004303,278.7935390472412
16225,0.6253464460372925,279.23247718811035
16250,0.733201515674591,279.6384816169739
16275,0.6607225155830383,280.0480201244354
16300,0.6603431510925293,280.45929741859436
16325,0.7718255114555359,280.91394114494324
16350,0.8090683746337891,281.3264362812042
16375,0.6250234365463256,281.77894020080566
16400,0.660737874507904,282.20608949661255
16425,0.8064164280891418,282.64119935035706
16450,0.6612915134429932,283.0628020763397
16475,0.6241146850585938,283.5040056705475
16500,0.807762689590454,283.9071216583252
16525,0.6608232808113098,284.3343274593353
16550,0.6975307583808898,284.74478363990784
16575,0.733376395702362,285.17115926742554
16600,0.7709887981414795,285.5719883441925
16625,0.6970898914337158,286.0081105232239
16650,0.6609219026565551,286.4142954349518
16675,0.6617674136161804,286.82487893104553
16700,0.7335342907905579,287.23122549057007
16725,0.7350665497779846,287.6805739402771
16750,0.7345107579231263,288.11571192741394
16775,0.661904685497284,288.531964302063
16800,0.7345309472084045,288.95320200920105
16825,0.7342084288597107,289.44384765625
16850,0.6246760535240173,289.85089898109436
16875,0.7708863878250122,290.2648916244507
16900,0.6613928031921387,290.65997338294983
16925,0.624754683971405,291.1050183773041
16950,0.7702109622955322,291.5045189857483
16975,0.7332631039619446,291.92220067977905
17000,0.69749356508255,292.3370358943939
17025,0.6607571601867676,292.75742864608765
17050,0.7336612153053284,293.1543264389038
17075,0.6242651653289795,293.55325388908386
17100,0.7338916301727295,293.95391845703125
17125,0.6242155194282532,294.3823437690735
17150,0.80759268283844,294.7640428543091
17175,0.6622882986068725,295.16521859169006
17200,0.8071973729133606,295.5655007362366
17225,0.6993001437187195,295.99153423309326
17250,0.6611264777183533,296.39098072052
17275,0.770158302783966,296.79481291770935
17300,0.6611222171783447,297.1936523914337
17325,0.661044089794159,297.61694073677063
17350,0.6613132214546203,298.0079348087311
17375,0.6608413767814636,298.41776752471924
17400,0.7704867100715638,298.8116455078125
17425,0.7703377962112427,299.22536396980286
17450,0.6243673801422119,299.6107647418976
17475,0.6609670805931092,300.00460982322693
17500,0.696663670539856,300.39901542663574
17525,0.660543839931488,300.81681752204895
17550,0.660522928237915,301.21171021461487
17575,0.6604587316513062,301.6222755908966
17600,0.8068534278869629,302.01533699035645
17625,0.6994517230987549,302.44171500205994
17650,0.6984350275993347,302.83567214012146
17675,0.6266842103004455,303.24402475357056
17700,0.6618585014343261,303.64386916160583
17725,0.5882003140449524,304.0626266002655
17750,0.6245581698417664,304.46849489212036
17775,0.7695282602310181,304.8824689388275
17800,0.76956702709198,305.27145314216614
17825,0.8799426531791688,305.72048020362854
17850,0.6968556785583496,306.15352392196655
17875,0.624692018032074,306.5794155597687
17900,0.6611189484596253,306.99827551841736
17925,0.6603581213951111,307.4159016609192
17950,0.6969460344314575,307.8077208995819
17975,0.7335678029060364,308.2663609981537
18000,0.7695044040679931,308.7325429916382
18025,0.7693576622009277,309.15712451934814
18050,0.8423065948486328,309.5498926639557
18075,0.6971557426452637,309.95042991638184
18100,0.6243616485595703,310.3414103984833
18125,0.6603278040885925,310.7718687057495
18150,0.6970132851600647,311.15383315086365
18175,0.6612196302413941,311.58581376075745
18200,0.7695749282836915,311.9856243133545
18225,0.7351306223869324,312.41691279411316
18250,0.8068637204170227,312.8224034309387
18275,0.6249000024795532,313.226459980011
18300,0.8059525728225708,313.62776613235474
18325,0.6607950735092163,314.06066274642944
18350,0.7335035133361817,314.46955394744873
18375,0.696742250919342,314.886088848114
18400,0.8058290338516235,315.2826397418976
18425,0.6604704141616822,315.71297335624695
18450,0.7339075088500977,316.10430431365967
18475,0.8057780170440674,316.5085344314575
18500,0.6972305774688721,316.90001583099365
18525,0.8060163950920105,317.3316156864166
18550,0.6603102040290832,317.7303376197815
18575,0.6966032814979554,318.13369059562683
18600,0.6978833174705505,318.5216615200043
18625,0.6246543073654175,318.951247215271
18650,0.6974185347557068,319.34468960762024
18675,0.8061692881584167,319.7592158317566
18700,0.7332703232765198,320.15496492385864
18725,0.7329926300048828,320.56396651268005
18750,0.7331332325935364,320.958309173584
18775,0.5879799437522888,321.35904335975647
18800,0.6242197942733765,321.7522349357605
18825,0.6972633647918701,322.1765241622925
18850,0.696848816871643,322.5710337162018
18875,0.7329847860336304,322.9718337059021
18900,0.6966997528076172,323.3771450519562
18925,0.7344728207588196,323.7946729660034
18950,0.6250531816482544,324.19752836227417
18975,0.6968087649345398,324.5958216190338
19000,0.7334182429313659,324.985746383667
19025,0.6970379066467285,325.42683386802673
19050,0.6968337297439575,325.8422555923462
19075,0.8057505083084107,326.24126958847046
19100,0.6967864847183227,326.6614634990692
19125,0.6972464823722839,327.0788333415985
19150,0.699870057106018,327.46366810798645
19175,0.7334471845626831,327.8795359134674
19200,0.7333416557312011,328.27387619018555
19225,0.6241212749481201,328.76649618148804
19250,0.6248737049102783,329.16691875457764
19275,0.660759801864624,329.56579518318176
19300,0.7342906260490417,329.9710874557495
19325,0.7730298709869384,330.40650367736816
19350,0.697499463558197,330.81089067459106
19375,0.6980146050453186,331.22659850120544
19400,0.6244744849205017,331.63394498825073
19425,0.6604511904716491,332.07337498664856
19450,0.8056369805335999,332.4783363342285
19475,0.7693962574005127,332.8897907733917
19500,0.6241282367706299,333.298232793808
19525,0.7333744812011719,333.7227957248688
19550,0.660541341304779,334.1337571144104
19575,0.8422778820991517,334.5432553291321
19600,0.624576165676117,334.9469666481018
19625,0.7697022938728333,335.38563203811646
19650,0.6609273648262024,335.7909049987793
19675,0.6978045153617859,336.2007682323456
19700,0.6969876503944397,336.5988202095032
19725,0.6969588494300842,337.04524970054626
19750,0.7333259534835815,337.4486165046692
19775,0.6603482937812806,337.8689911365509
19800,0.7696895027160644,338.2691309452057
19825,0.6607140803337097,338.6967852115631
19850,0.6604115581512451,339.10053873062134
19875,0.733151285648346,339.522438287735
19900,0.7329727554321289,339.92395782470703
19925,0.697026879787445,340.37204027175903
19950,0.7697504019737244,340.76970171928406
19975,0.588265266418457,341.1772964000702
20000,0.8783065843582153,341.5864608287811
20025,0.5516043257713318,342.0123670101166
20050,0.7700249123573303,342.40968656539917
20075,0.7331420874595642,342.8137562274933
20100,0.6610129117965698,343.216144323349
20125,0.6976516914367675,343.6362555027008
20150,0.80853764295578,344.0423719882965
20175,0.7339230942726135,344.4513680934906
20200,0.6607236862182617,344.86534333229065
20225,0.5881378436088562,345.3210299015045
20250,0.6621091604232788,345.7418911457062
20275,0.6968342614173889,346.1743075847626
20300,0.806070647239685,346.60284757614136
20325,0.7694707226753235,347.0210771560669
20350,0.8783735752105712,347.41074299812317
20375,0.6243387484550476,347.82270312309265
20400,0.660502290725708,348.2403383255005
20425,0.7697749614715577,348.6967430114746
20450,0.6242374038696289,349.0938563346863
20475,0.7691398191452027,349.5153467655182
20500,0.6966692996025086,349.9355537891388
20525,0.7693958783149719,350.3663866519928
20550,0.6960325074195862,350.7583734989166
20575,0.696988718509674,351.1707880496979
20600,0.681801323890686,351.5593855381012
20625,0.8103782153129577,351.9891929626465
20650,0.6115164828300476,352.40382742881775
20675,0.6650179076194763,352.8255248069763
20700,0.5909124612808228,353.24175477027893
20725,0.7355853605270386,353.6764464378357
20750,0.6987048816680909,354.0901081562042
20775,0.6996794390678406,354.49819803237915
20800,0.6269405651092529,354.8951940536499
20825,0.6244552969932556,355.3069326877594
20850,0.6258989429473877,355.70298194885254
20875,0.5876051425933838,356.1079595088959
20900,0.6621591973304749,356.5028715133667
20925,0.802231855392456,356.9153091907501
20950,0.5884524440765381,357.3033547401428
20975,0.6693547534942627,357.7029495239258
21000,0.5937579274177551,358.105952501297
21025,0.6970041084289551,358.5198447704315
21050,0.553918993473053,358.910680770874
21075,0.6610424256324768,359.3127875328064
21100,0.5893564772605896,359.74015498161316
21125,0.6289204502105713,360.17546010017395
21150,0.5521177577972413,360.5625433921814
21175,0.6620010638236999,360.9635741710663
21200,0.6613001608848572,361.3555860519409
21225,0.6250652527809143,361.8012273311615
21250,0.6243748116493225,362.2195522785187
21275,0.5520918321609497,362.6479253768921
21300,0.6742192220687866,363.36242151260376
21325,0.6826526689529419,363.81854796409607
21350,0.6258750295639038,364.247216463089
21375,0.5520174670219421,364.7657971382141
21400,0.5540452599525452,365.1677055358887
21425,0.6266907930374146,365.6061317920685
21450,0.6247964167594909,366.0186333656311
21475,0.7346309113502503,366.44427275657654
21500,0.6243785309791565,366.8633625507355
21525,0.6974121522903443,367.3207256793976
21550,0.6622406530380249,367.7640197277069
21575,0.5885500812530517,368.19651198387146
21600,0.6634759330749511,368.6340010166168
21625,0.5879375791549682,369.1510491371155
21650,0.7443313050270081,369.5642704963684
21675,0.5517895555496216,369.9842119216919
21700,0.6610728216171264,370.39447498321533
21725,0.6603883194923401,370.82432770729065
21750,0.6986571717262268,371.22996187210083
21775,0.5877295064926148,371.64624285697937
21800,0.5516325473785401,372.0534212589264
21825,0.5878636360168457,372.48748683929443
21850,0.697761504650116,372.9009222984314
21875,0.7355303502082825,373.31932044029236
21900,0.6970708179473877,373.72670340538025
21925,0.5879800271987915,374.17730951309204
21950,0.6241271281242371,374.6029727458954
21975,0.5882678556442261,375.0383310317993
22000,0.6625370407104492,375.4568383693695
22025,0.5514852428436279,375.8986191749573
22050,0.7347369074821473,376.30630803108215
22075,0.5877546787261962,376.7280945777893
22100,0.6605714154243469,377.1478486061096
22125,0.552129020690918,377.5859885215759
22150,0.6245941758155823,377.9955623149872
22175,0.5888933706283569,378.41160893440247
22200,0.5514880132675171,378.8235046863556
22225,0.66166259765625,379.25439286231995
22250,0.6606557869911194,379.6625711917877
22275,0.6616030049324035,380.0701608657837
22300,0.624070737361908,380.4826452732086
22325,0.624050612449646,380.933251619339
22350,0.6240598320960998,381.358336687088
22375,0.5877471280097961,381.79186058044434
22400,0.6603905177116394,382.20416951179504
22425,0.5877950739860535,382.6519100666046
22450,0.6969116830825806,383.06095480918884
22475,0.6242937159538269,383.5111737251282
22500,0.5877902007102966,383.93849062919617
22525,0.5514976000785827,384.3593370914459
22550,0.6966318583488464,384.77921438217163
22575,0.6989816570281983,385.2049152851105
22600,0.6240104103088379,385.62302470207214
22625,0.5878108525276184,386.068927526474
22650,0.5877759790420533,386.48284888267517
22675,0.6243616938591003,386.9088022708893
22700,0.6244633483886719,387.3139865398407
22725,0.5877556705474853,387.7613832950592
22750,0.6241347599029541,388.2883884906769
22775,0.5879681968688965,388.70173478126526
22800,0.6603514122962951,389.1101529598236
22825,0.5878156614303589,389.54703855514526
22850,0.6239917182922363,389.9568226337433
22875,0.6604607725143432,390.3689432144165
22900,0.6245146369934083,390.7703049182892
22925,0.7332921934127807,391.2283492088318
22950,0.6605571389198304,391.6433627605438
22975,0.5877542185783386,392.0678687095642
23000,0.5877882051467895,392.48855662345886
23025,0.551465380191803,392.93289732933044
23050,0.6604884743690491,393.3379964828491
23075,0.696823627948761,393.76268196105957
23100,0.6605580902099609,394.16385316848755
23125,0.6602964949607849,394.5924344062805
23150,0.6603227806091309,394.9913811683655
23175,0.6585281372070313,395.39478850364685
23200,0.6126630067825317,395.79363918304443
23225,0.5880820441246033,396.2420582771301
23250,0.5973590445518494,396.65143513679504
23275,0.5879460597038269,397.0752191543579
23300,0.5520375919342041,397.488742351532
23325,0.5623341226577758,397.92138051986694
23350,0.581075394153595,398.34282183647156
23375,0.5677523779869079,398.7711660861969
23400,0.5738585138320923,399.1906397342682
23425,0.552712733745575,399.6410665512085
23450,0.55380215883255,400.0812129974365
23475,0.5514892315864564,400.5143702030182
23500,0.5521423554420472,400.96035265922546
23525,0.553553364276886,401.4148042201996
23550,0.5517221379280091,401.8413915634155
23575,0.5627515387535095,402.27420830726624
23600,0.5682226777076721,402.69249653816223
23625,0.5521222567558288,403.13887190818787
23650,0.5514481234550476,403.5458381175995
23675,0.5541338896751404,403.9686942100525
23700,0.5516481018066406,404.3722474575043
23725,0.5518240904808045,404.8248825073242
23750,0.551466989517212,405.2662196159363
23775,0.5514850497245789,405.69247460365295
23800,0.5517759776115417,406.12980484962463
23825,0.5519491910934449,406.57815957069397
23850,0.5517468857765198,407.0079848766327
23875,0.551795802116394,407.44636058807373
23900,0.5514864587783813,407.8455216884613
23925,0.5517879176139832,408.2885055541992
23950,0.5519413709640503,408.69366669654846
23975,0.5515572738647461,409.1330442428589
24000,0.5514855694770813,409.54762077331543
24025,0.551517858505249,410.1139061450958
24050,0.5514455366134644,410.5318064689636
24075,0.5514672803878784,410.9588887691498
24100,0.5514497590065003,411.37364053726196
24125,0.5514481067657471,411.81316781044006
24150,0.5514495086669922,412.22792410850525
24175,0.5514462780952454,412.6438889503479
24200,0.5514451003074646,413.0609700679779
24225,0.5514451694488526,413.5074291229248
24250,0.5514470839500427,413.9356596469879
24275,0.5514532399177551,414.3795499801636
24300,0.5514578485488891,414.80251574516296
24325,0.5514449286460876,415.2536175251007
24350,0.551445484161377,415.6788468360901
24375,0.5514447903633117,416.11712551116943
24400,0.5514489459991455,416.5407762527466
24425,0.5514448094367981,416.9860668182373
24450,0.5515253210067749,417.41447854042053
24475,0.5515233492851257,417.8395540714264
24500,0.5914538121223449,418.262570142746
24525,0.5514764380455017,418.71213245391846
24550,0.5514769530296326,419.13389897346497
24575,0.5514519691467286,419.58090925216675
24600,0.5514449000358581,420.0266263484955
24625,0.5514544510841369,420.4802041053772
24650,0.551458387374878,420.90747833251953
24675,0.5514447951316833,421.35295009613037
24700,0.5514447593688965,421.8060824871063
24725,0.5514449429512024,422.2593696117401
24750,0.5514464592933654,422.6921396255493
24775,0.5514447212219238,423.1168797016144
24800,0.5514458966255188,423.52517795562744
24825,0.5514449596405029,423.97008752822876
24850,0.551444730758667,424.39113092422485
24875,0.5514455723762512,424.80620074272156
24900,0.5514542317390442,425.2118146419525
24925,0.551445083618164,425.6546268463135
24950,0.55144700050354,426.09149289131165
24975,0.551444787979126,426.5044891834259
25000,0.5514447999000549,426.925057888031
25025,0.5514932608604431,427.3829233646393
25050,0.5514468073844909,427.815936088562
25075,0.553783323764801,428.2557258605957
25100,0.5514455938339233,428.6916399002075
25125,0.5514449143409729,429.1386206150055
25150,0.5514471840858459,429.5622751712799
25175,0.5514447498321533,429.9926640987396
25200,0.5515421009063721,430.41688299179077
25225,0.5514587044715882,430.8546071052551
25250,0.5514449977874756,431.2842035293579
25275,0.5514455223083496,431.7159571647644
25300,0.5514448976516724,432.139111995697
25325,0.5514450287818908,432.58724451065063
25350,0.5514447712898254,433.01832580566406
25375,0.551445095539093,433.45469784736633
25400,0.5514448285102844,433.89112305641174
25425,0.5514474320411682,434.36710000038147
25450,0.5514446663856506,434.80850982666016
25475,0.5514450168609619,435.2601981163025
25500,0.5514463901519775,435.6993033885956
25525,0.5514446830749512,436.1551978588104
25550,0.5514453887939453,436.5917730331421
25575,0.5514453792572022,437.0237407684326
25600,0.5514447069168091,437.4598021507263
25625,0.5514448928833008,437.93253898620605
25650,0.5514487385749817,438.34620690345764
25675,0.551445198059082,438.7842869758606
25700,0.5514461135864258,439.1937313079834
25725,0.551444673538208,439.6610357761383
25750,0.5514544582366944,440.0943908691406
25775,0.5514447116851806,440.53410029411316
25800,0.5514450001716614,440.9487581253052
25825,0.551444697380066,441.39169692993164
25850,0.5514479923248291,441.80521941185
25875,0.5514446783065796,442.2287104129791
25900,0.5514446830749512,442.65355801582336